2019/08/21 13:30:58 [error] [exception.CHttpException.400] exception 'CHttpException' with message 'Your request is invalid.' in C:\xampp\htdocs\astute\framework\web\CController.php:337
Stack trace:
#0 C:\xampp\htdocs\astute\framework\web\CController.php(309): CController->invalidActionParams(Object(CInlineAction))
#1 C:\xampp\htdocs\astute\framework\web\CController.php(286): CController->runAction(Object(CInlineAction))
#2 C:\xampp\htdocs\astute\framework\web\CController.php(265): CController->runActionWithFilters(Object(CInlineAction), Array)
#3 C:\xampp\htdocs\astute\framework\web\CWebApplication.php(282): CController->run('panel')
#4 C:\xampp\htdocs\astute\framework\web\CWebApplication.php(141): CWebApplication->runController('user/panel')
#5 C:\xampp\htdocs\astute\framework\base\CApplication.php(185): CWebApplication->processRequest()
#6 C:\xampp\htdocs\astute\index.php(13): CApplication->run()
#7 {main}
REQUEST_URI=/astute/index.php?r=user/panel
---
2019/08/21 13:32:07 [error] [exception.CHttpException.400] exception 'CHttpException' with message 'Your request is invalid.' in C:\xampp\htdocs\astute\framework\web\CController.php:337
Stack trace:
#0 C:\xampp\htdocs\astute\framework\web\CController.php(309): CController->invalidActionParams(Object(CInlineAction))
#1 C:\xampp\htdocs\astute\framework\web\CController.php(286): CController->runAction(Object(CInlineAction))
#2 C:\xampp\htdocs\astute\framework\web\CController.php(265): CController->runActionWithFilters(Object(CInlineAction), Array)
#3 C:\xampp\htdocs\astute\framework\web\CWebApplication.php(282): CController->run('panel')
#4 C:\xampp\htdocs\astute\framework\web\CWebApplication.php(141): CWebApplication->runController('user/panel')
#5 C:\xampp\htdocs\astute\framework\base\CApplication.php(185): CWebApplication->processRequest()
#6 C:\xampp\htdocs\astute\index.php(13): CApplication->run()
#7 {main}
REQUEST_URI=/astute/index.php?r=user/panel
---
